snapshot/other_code/Container/app/build/outputs/logs/manifest-merger-debug-report.txt
-- Merging decision tree log ---
manifest
ADDED from src/main/AndroidManifest.xml:2:1-412:12
INJECTED from src/main/AndroidManifest.xml:2:1-412:12
INJECTED from src/main/AndroidManifest.xml:2:1-412:12
INJECTED from src/main/AndroidManifest.xml:2:1-412:12
MERGED from [com.trello.rxlifecycle2:rxlifecycle-components:2.0.1] AndroidManifest.xml:13:1-19:12
MERGED from [com.trello.rxlifecycle2:rxlifecycle-android:2.0.1] AndroidManifest.xml:13:1-19:12
MERGED from [me.shaohui.advancedluban:library:1.3.5] AndroidManifest.xml:2:1-11:12
MERGED from [io.reactivex.rxjava2:rxandroid:2.0.1] AndroidManifest.xml:15:1-21:12
MERGED from [com.gjiazhe:wavesidebar:1.2] AndroidManifest.xml:2:1-17:12
MERGED from [com.hongtian:library:0.1] AndroidManifest.xml:2:1-16:12
MERGED from [com.bigkoo:convenientbanner:2.0.5] AndroidManifest.xml:2:1-9:12
MERGED from [cn.carbs.android:ExpandableTextView:1.0.2] AndroidManifest.xml:2:1-11:12
MERGED from [com.android.support.constraint:constraint-layout:1.0.2] AndroidManifest.xml:2:1-11:12
MERGED from [com.android.support:design:25.2.0] AndroidManifest.xml:17:1-27:12
MERGED from [com.yuyh.imgsel:library:1.3.8] AndroidManifest.xml:2:1-34:12
MERGED from [com.android.support:transition:25.2.0] AndroidManifest.xml:17:1-24:12
MERGED from [com.yuyh.easyadapter:library:1.1.0] AndroidManifest.xml:2:1-17:12
MERGED from [com.android.support:appcompat-v7:25.2.0] AndroidManifest.xml:17:1-27:12
MERGED from [com.android.support:support-v4:25.2.0] AndroidManifest.xml:17:1-27:12
MERGED from [com.bartoszlipinski.recyclerviewheader:library:1.2.0] AndroidManifest.xml:2:1-11:12
MERGED from [com.android.support:recyclerview-v7:25.2.0] AndroidManifest.xml:17:1-22:12
MERGED from [com.flyco.tablayout:FlycoTabLayout_Lib:2.1.2] AndroidManifest.xml:2:1-12:12
MERGED from [org.simple:androideventbus:1.0.5.1] AndroidManifest.xml:2:1-11:12
MERGED from [com.contrarywind:Android-PickerView:3.2.5] AndroidManifest.xml:2:1-11:12
MERGED from [com.android.databinding:adapters:3.2.0] AndroidManifest.xml:17:1-24:12
MERGED from [com.android.databinding:library:3.2.0] AndroidManifest.xml:17:1-24:12
MERGED from [io.realm:realm-android-library:3.0.0] AndroidManifest.xml:2:1-11:12
MERGED from [com.android.support:multidex:1.0.2] AndroidManifest.xml:17:1-22:12
MERGED from [com.android.support:animated-vector-drawable:25.2.0] AndroidManifest.xml:17:1-24:12
MERGED from [com.android.support:support-vector-drawable:25.2.0] AndroidManifest.xml:17:1-25:12
MERGED from [com.android.support:support-fragment:25.2.0] AndroidManifest.xml:17:1-27:12
MERGED from [com.android.support:support-media-compat:25.2.0] AndroidManifest.xml:17:1-27:12
MERGED from [com.android.support:support-core-ui:25.2.0] AndroidManifest.xml:17:1-27:12
MERGED from [com.android.support:support-core-utils:26.1.0] AndroidManifest.xml:17:1-31:12
MERGED from [com.android.support:support-compat:26.1.0] AndroidManifest.xml:17:1-31:12
MERGED from [android.arch.lifecycle:runtime:1.0.3] AndroidManifest.xml:17:1-24:12
MERGED from [com.getkeepsafe.relinker:relinker:1.2.2] AndroidManifest.xml:2:1-9:12
INJECTED from src/main/AndroidManifest.xml:2:1-412:12
INJECTED from src/main/AndroidManifest.xml:2:1-412:12
INJECTED from src/main/AndroidManifest.xml:2:1-412:12
	package
		ADDED from src/main/AndroidManifest.xml:3:11-37
		INJECTED from src/main/AndroidManifest.xml
		INJECTED from src/main/AndroidManifest.xml
	android:versionName
		INJECTED from src/main/AndroidManifest.xml
		ADDED from src/main/AndroidManifest.xml:2:1-412:12
		INJECTED from src/main/AndroidManifest.xml
	android:versionCode
		INJECTED from src/main/AndroidManifest.xml
		ADDED from src/main/AndroidManifest.xml:2:1-412:12
		INJECTED from src/main/AndroidManifest.xml
	xmlns:android
		ADDED from src/main/AndroidManifest.xml:2:11-69
uses-permission#android.permission.CALL_PHONE
ADDED from src/main/AndroidManifest.xml:5:5-68
	android:name
		ADDED from src/main/AndroidManifest.xml:5:22-66
uses-permission#android.permission.INTERNET
ADDED from src/main/AndroidManifest.xml:6:5-66
	android:name
		ADDED from src/main/AndroidManifest.xml:6:22-64
uses-permission#android.permission.WRITE_EXTERNAL_STORAGE
ADDED from src/main/AndroidManifest.xml:7:5-80
	android:name
		ADDED from src/main/AndroidManifest.xml:7:22-78
uses-permission#android.permission.READ_EXTERNAL_STORAGE
ADDED from src/main/AndroidManifest.xml:8:5-79
	android:name
		ADDED from src/main/AndroidManifest.xml:8:22-77
uses-permission#android.permission.CAMERA
ADDED from src/main/AndroidManifest.xml:9:5-64
	android:name
		ADDED from src/main/AndroidManifest.xml:9:22-62
permission#com.bm.container.permission.JPUSH_MESSAGE
ADDED from src/main/AndroidManifest.xml:12:5-14:50
	android:protectionLevel
		ADDED from src/main/AndroidManifest.xml:14:13-48
	android:name
		ADDED from src/main/AndroidManifest.xml:13:13-69
uses-permission#com.bm.container.permission.JPUSH_MESSAGE
ADDED from src/main/AndroidManifest.xml:16:5-80
	android:name
		ADDED from src/main/AndroidManifest.xml:16:22-78
uses-permission#android.permission.RECEIVE_USER_PRESENT
ADDED from src/main/AndroidManifest.xml:17:5-78
	android:name
		ADDED from src/main/AndroidManifest.xml:17:22-76
uses-permission#android.permission.WAKE_LOCK
ADDED from src/main/AndroidManifest.xml:19:5-67
	android:name
		ADDED from src/main/AndroidManifest.xml:19:22-65
uses-permission#android.permission.READ_PHONE_STATE
ADDED from src/main/AndroidManifest.xml:20:5-74
	android:name
		ADDED from src/main/AndroidManifest.xml:20:22-72
uses-permission#android.permission.WRITE_SETTINGS
ADDED from src/main/AndroidManifest.xml:23:5-72
	android:name
		ADDED from src/main/AndroidManifest.xml:23:22-70
uses-permission#android.permission.VIBRATE
ADDED from src/main/AndroidManifest.xml:24:5-65
	android:name
		ADDED from src/main/AndroidManifest.xml:24:22-63
uses-permission#android.permission.MOUNT_UNMOUNT_FILESYSTEMS
ADDED from src/main/AndroidManifest.xml:25:5-83
	android:name
		ADDED from src/main/AndroidManifest.xml:25:22-81
uses-permission#android.permission.ACCESS_NETWORK_STATE
ADDED from src/main/AndroidManifest.xml:26:5-78
	android:name
		ADDED from src/main/AndroidManifest.xml:26:22-76
uses-permission#android.permission.ACCESS_WIFI_STATE
ADDED from src/main/AndroidManifest.xml:27:5-75
	android:name
		ADDED from src/main/AndroidManifest.xml:27:22-73
uses-permission#android.permission.SYSTEM_ALERT_WINDOW
ADDED from src/main/AndroidManifest.xml:28:5-77
	android:name
		ADDED from src/main/AndroidManifest.xml:28:22-75
uses-permission#android.permission.MODIFY_AUDIO_SETTINGS
ADDED from src/main/AndroidManifest.xml:39:5-79
	android:name
		ADDED from src/main/AndroidManifest.xml:39:22-77
application
ADDED from src/main/AndroidManifest.xml:44:5-410:19
MERGED from [com.gjiazhe:wavesidebar:1.2] AndroidManifest.xml:11:5-15:19
MERGED from [com.gjiazhe:wavesidebar:1.2] AndroidManifest.xml:11:5-15:19
MERGED from [com.hongtian:library:0.1] AndroidManifest.xml:11:5-14:19
MERGED from [com.hongtian:library:0.1] AndroidManifest.xml:11:5-14:19
MERGED from [com.android.support.constraint:constraint-layout:1.0.2] AndroidManifest.xml:9:5-20
MERGED from [com.android.support.constraint:constraint-layout:1.0.2] AndroidManifest.xml:9:5-20
MERGED from [com.android.support:design:25.2.0] AndroidManifest.xml:25:5-20
MERGED from [com.android.support:design:25.2.0] AndroidManifest.xml:25:5-20
MERGED from [com.yuyh.imgsel:library:1.3.8] AndroidManifest.xml:11:5-32:19
MERGED from [com.yuyh.imgsel:library:1.3.8] AndroidManifest.xml:11:5-32:19
MERGED from [com.android.support:transition:25.2.0] AndroidManifest.xml:22:5-20
MERGED from [com.android.support:transition:25.2.0] AndroidManifest.xml:22:5-20
MERGED from [com.yuyh.easyadapter:library:1.1.0] AndroidManifest.xml:11:5-15:19
MERGED from [com.yuyh.easyadapter:library:1.1.0] AndroidManifest.xml:11:5-15:19
MERGED from [com.android.support:appcompat-v7:25.2.0] AndroidManifest.xml:25:5-20
MERGED from [com.android.support:appcompat-v7:25.2.0] AndroidManifest.xml:25:5-20
MERGED from [com.android.support:support-v4:25.2.0] AndroidManifest.xml:25:5-20
MERGED from [com.android.support:support-v4:25.2.0] AndroidManifest.xml:25:5-20
MERGED from [com.android.support:animated-vector-drawable:25.2.0] AndroidManifest.xml:22:5-20
MERGED from [com.android.support:animated-vector-drawable:25.2.0] AndroidManifest.xml:22:5-20
MERGED from [com.android.support:support-vector-drawable:25.2.0] AndroidManifest.xml:23:5-20
MERGED from [com.android.support:support-vector-drawable:25.2.0] AndroidManifest.xml:23:5-20
MERGED from [com.android.support:support-fragment:25.2.0] AndroidManifest.xml:25:5-20
MERGED from [com.android.support:support-fragment:25.2.0] AndroidManifest.xml:25:5-20
MERGED from [com.android.support:support-media-compat:25.2.0] AndroidManifest.xml:25:5-20
MERGED from [com.android.support:support-media-compat:25.2.0] AndroidManifest.xml:25:5-20
MERGED from [com.android.support:support-core-ui:25.2.0] AndroidManifest.xml:25:5-20
MERGED from [com.android.support:support-core-ui:25.2.0] AndroidManifest.xml:25:5-20
MERGED from [com.android.support:support-core-utils:26.1.0] AndroidManifest.xml:25:5-29:19
MERGED from [com.android.support:support-core-utils:26.1.0] AndroidManifest.xml:25:5-29:19
MERGED from [com.android.support:support-compat:26.1.0] AndroidManifest.xml:25:5-29:19
MERGED from [com.android.support:support-compat:26.1.0] AndroidManifest.xml:25:5-29:19
	android:supportsRtl
		ADDED from src/main/AndroidManifest.xml:49:13-39
	android:label
		ADDED from src/main/AndroidManifest.xml:48:13-45
	android:icon
		ADDED from src/main/AndroidManifest.xml:47:13-47
	android:allowBackup
		ADDED from src/main/AndroidManifest.xml:46:13-39
	android:theme
		ADDED from src/main/AndroidManifest.xml:50:13-44
	android:name
		ADDED from src/main/AndroidManifest.xml:45:13-51
service#com.bm.container.service.ContainerNo
ADDED from src/main/AndroidManifest.xml:53:9-55:43
	android:exported
		ADDED from src/main/AndroidManifest.xml:55:17-41
	android:name
		ADDED from src/main/AndroidManifest.xml:54:17-52
activity#com.bm.container.module.base.StartUpActivity
ADDED from src/main/AndroidManifest.xml:58:9-66:20
	android:screenOrientation
		ADDED from src/main/AndroidManifest.xml:60:17-53
	android:name
		ADDED from src/main/AndroidManifest.xml:59:17-60
intent-filter#action:name:android.intent.action.MAIN+category:name:android.intent.category.LAUNCHER
ADDED from src/main/AndroidManifest.xml:61:13-65:29
action#android.intent.action.MAIN
ADDED from src/main/AndroidManifest.xml:62:17-68
	android:name
		ADDED from src/main/AndroidManifest.xml:62:25-66
category#android.intent.category.LAUNCHER
ADDED from src/main/AndroidManifest.xml:64:17-76
	android:name
		ADDED from src/main/AndroidManifest.xml:64:27-74
activity#com.bm.container.module.base.SplashActivity
ADDED from src/main/AndroidManifest.xml:68:9-70:55
	android:screenOrientation
		ADDED from src/main/AndroidManifest.xml:70:17-53
	android:name
		ADDED from src/main/AndroidManifest.xml:69:17-59
activity#com.bm.container.module.login.LoginActivity
ADDED from src/main/AndroidManifest.xml:72:9-74:55
	android:screenOrientation
		ADDED from src/main/AndroidManifest.xml:74:17-53
	android:name
		ADDED from src/main/AndroidManifest.xml:73:17-59
activity#com.bm.container.module.login.RegisterActivity
ADDED from src/main/AndroidManifest.xml:76:9-78:55
	android:screenOrientation
		ADDED from src/main/AndroidManifest.xml:78:17-53
	android:name
		ADDED from src/main/AndroidManifest.xml:77:17-62
activity#com.bm.container.module.login.AgreementActivity
ADDED from src/main/AndroidManifest.xml:80:9-82:55
	android:screenOrientation
		ADDED from src/main/AndroidManifest.xml:82:17-53
	android:name
		ADDED from src/main/AndroidManifest.xml:81:17-63
activity#com.bm.container.module.login.IdentificationActivity
ADDED from src/main/AndroidManifest.xml:84:9-86:55
	android:screenOrientation
		ADDED from src/main/AndroidManifest.xml:86:17-53
	android:name
		ADDED from src/main/AndroidManifest.xml:85:17-68
activity#com.bm.container.module.login.CityActivity
ADDED from src/main/AndroidManifest.xml:88:9-90:55
	android:screenOrientation
		ADDED from src/main/AndroidManifest.xml:90:17-53
	android:name
		ADDED from src/main/AndroidManifest.xml:89:17-58
activity#com.bm.container.module.login.ForgetPwdActivity
ADDED from src/main/AndroidManifest.xml:92:9-94:55
	android:screenOrientation
		ADDED from src/main/AndroidManifest.xml:94:17-53
	android:name
		ADDED from src/main/AndroidManifest.xml:93:17-63
activity#com.bm.container.module.base.MainActivity
ADDED from src/main/AndroidManifest.xml:96:9-99:58
	android:screenOrientation
		ADDED from src/main/AndroidManifest.xml:98:17-53
	android:windowSoftInputMode
		ADDED from src/main/AndroidManifest.xml:99:17-56
	android:name
		ADDED from src/main/AndroidManifest.xml:97:17-57
activity#com.bm.container.module.market.SendBuyInfoActivity
ADDED from src/main/AndroidManifest.xml:101:9-103:55
	android:screenOrientation
		ADDED from src/main/AndroidManifest.xml:103:17-53
	android:name
		ADDED from src/main/AndroidManifest.xml:102:17-66
activity#com.bm.container.module.market.SendSaleInfoActivity
ADDED from src/main/AndroidManifest.xml:105:9-107:55
	android:screenOrientation
		ADDED from src/main/AndroidManifest.xml:107:17-53
	android:name
		ADDED from src/main/AndroidManifest.xml:106:17-67
activity#com.bm.container.module.market.PaySuccessActivity
ADDED from src/main/AndroidManifest.xml:113:9-115:55
	android:screenOrientation
		ADDED from src/main/AndroidManifest.xml:115:17-53
	android:name
		ADDED from src/main/AndroidManifest.xml:114:17-65
activity#com.bm.container.module.discuss.SendImageActivity
ADDED from src/main/AndroidManifest.xml:117:9-119:55
	android:screenOrientation
		ADDED from src/main/AndroidManifest.xml:119:17-53
	android:name
		ADDED from src/main/AndroidManifest.xml:118:17-65
activity#com.bm.container.module.discuss.SendTextActivity
ADDED from src/main/AndroidManifest.xml:121:9-123:55
	android:screenOrientation
		ADDED from src/main/AndroidManifest.xml:123:17-53
	android:name
		ADDED from src/main/AndroidManifest.xml:122:17-64
activity#com.bm.container.module.personal.ChangePersonalInfoActivity
ADDED from src/main/AndroidManifest.xml:125:9-127:55
	android:screenOrientation
		ADDED from src/main/AndroidManifest.xml:127:17-53
	android:name
		ADDED from src/main/AndroidManifest.xml:126:17-75
activity#com.bm.container.module.personal.ChangeCompanyInfoActivity
ADDED from src/main/AndroidManifest.xml:129:9-131:55
	android:screenOrientation
		ADDED from src/main/AndroidManifest.xml:131:17-53
	android:name
		ADDED from src/main/AndroidManifest.xml:130:17-74
activity#com.bm.container.module.personal.MyPostingActivity
ADDED from src/main/AndroidManifest.xml:133:9-135:55
	android:screenOrientation
		ADDED from src/main/AndroidManifest.xml:135:17-53
	android:name
		ADDED from src/main/AndroidManifest.xml:134:17-66
activity#com.bm.container.module.personal.MyOrderActivity
ADDED from src/main/AndroidManifest.xml:137:9-139:55
	android:screenOrientation
		ADDED from src/main/AndroidManifest.xml:139:17-53
	android:name
		ADDED from src/main/AndroidManifest.xml:138:17-64
activity#com.bm.container.module.personal.OrderDetailActivity
ADDED from src/main/AndroidManifest.xml:146:9-148:55
	android:screenOrientation
		ADDED from src/main/AndroidManifest.xml:148:17-53
	android:name
		ADDED from src/main/AndroidManifest.xml:147:17-68
activity#com.bm.container.module.personal.BillOfLadingActivity
ADDED from src/main/AndroidManifest.xml:153:9-155:55
	android:screenOrientation
		ADDED from src/main/AndroidManifest.xml:155:17-53
	android:name
		ADDED from src/main/AndroidManifest.xml:154:17-69
activity#com.bm.container.module.personal.QRActivity
ADDED from src/main/AndroidManifest.xml:157:9-159:55
	android:screenOrientation
		ADDED from src/main/AndroidManifest.xml:159:17-53
	android:name
		ADDED from src/main/AndroidManifest.xml:158:17-59
activity#com.bm.container.module.personal.SalerOrderActivity
ADDED from src/main/AndroidManifest.xml:161:9-163:55
	android:screenOrientation
		ADDED from src/main/AndroidManifest.xml:163:17-53
	android:name
		ADDED from src/main/AndroidManifest.xml:162:17-67
activity#com.bm.container.module.personal.DeliveryOrderActivity
ADDED from src/main/AndroidManifest.xml:165:9-167:55
	android:screenOrientation
		ADDED from src/main/AndroidManifest.xml:167:17-53
	android:name
		ADDED from src/main/AndroidManifest.xml:166:17-70
activity#com.bm.container.module.personal.BuyerInfoActivity
ADDED from src/main/AndroidManifest.xml:169:9-171:55
	android:screenOrientation
		ADDED from src/main/AndroidManifest.xml:171:17-53
	android:name
		ADDED from src/main/AndroidManifest.xml:170:17-66
activity#com.bm.container.module.personal.SalerInfoActivity
ADDED from src/main/AndroidManifest.xml:173:9-175:55
	android:screenOrientation
		ADDED from src/main/AndroidManifest.xml:175:17-53
	android:name
		ADDED from src/main/AndroidManifest.xml:174:17-66
activity#com.bm.container.module.personal.MessageActivity
ADDED from src/main/AndroidManifest.xml:177:9-179:55
	android:screenOrientation
		ADDED from src/main/AndroidManifest.xml:179:17-53
	android:name
		ADDED from src/main/AndroidManifest.xml:178:17-64
activity#com.bm.container.module.personal.FeedbackActivity
ADDED from src/main/AndroidManifest.xml:181:9-183:55
	android:screenOrientation
		ADDED from src/main/AndroidManifest.xml:183:17-53
	android:name
		ADDED from src/main/AndroidManifest.xml:182:17-65
activity#com.bm.container.module.personal.FeedbackHistoryActivity
ADDED from src/main/AndroidManifest.xml:185:9-187:55
	android:screenOrientation
		ADDED from src/main/AndroidManifest.xml:187:17-53
	android:name
		ADDED from src/main/AndroidManifest.xml:186:17-72
activity#com.bm.container.module.setting.SettingActivity
ADDED from src/main/AndroidManifest.xml:189:9-191:55
	android:screenOrientation
		ADDED from src/main/AndroidManifest.xml:191:17-53
	android:name
		ADDED from src/main/AndroidManifest.xml:190:17-63
activity#com.bm.container.module.setting.ChangePwdActivity
ADDED from src/main/AndroidManifest.xml:193:9-195:55
	android:screenOrientation
		ADDED from src/main/AndroidManifest.xml:195:17-53
	android:name
		ADDED from src/main/AndroidManifest.xml:194:17-65
activity#com.bm.container.module.setting.IntroductionActivity
ADDED from src/main/AndroidManifest.xml:197:9-199:55
	android:screenOrientation
		ADDED from src/main/AndroidManifest.xml:199:17-53
	android:name
		ADDED from src/main/AndroidManifest.xml:198:17-68
activity#com.bm.container.module.market.PurchaseAActivity
ADDED from src/main/AndroidManifest.xml:207:9-209:55
	android:screenOrientation
		ADDED from src/main/AndroidManifest.xml:209:17-53
	android:name
		ADDED from src/main/AndroidManifest.xml:208:17-64
activity#com.bm.container.module.market.PurchaseBActivity
ADDED from src/main/AndroidManifest.xml:214:9-216:55
	android:screenOrientation
		ADDED from src/main/AndroidManifest.xml:216:17-53
	android:name
		ADDED from src/main/AndroidManifest.xml:215:17-64
activity#com.bm.container.module.market.PurchaseEActivity
ADDED from src/main/AndroidManifest.xml:221:9-223:55
	android:screenOrientation
		ADDED from src/main/AndroidManifest.xml:223:17-53
	android:name
		ADDED from src/main/AndroidManifest.xml:222:17-64
activity#com.bm.container.module.market.SaleAActivity
ADDED from src/main/AndroidManifest.xml:231:9-233:55
	android:screenOrientation
		ADDED from src/main/AndroidManifest.xml:233:17-53
	android:name
		ADDED from src/main/AndroidManifest.xml:232:17-60
activity#com.bm.container.module.market.SaleBActivity
ADDED from src/main/AndroidManifest.xml:240:9-242:55
	android:screenOrientation
		ADDED from src/main/AndroidManifest.xml:242:17-53
	android:name
		ADDED from src/main/AndroidManifest.xml:241:17-60
activity#com.bm.container.module.market.SaleCActivity
ADDED from src/main/AndroidManifest.xml:247:9-249:55
	android:screenOrientation
		ADDED from src/main/AndroidManifest.xml:249:17-53
	android:name
		ADDED from src/main/AndroidManifest.xml:248:17-60
activity#com.bm.container.module.base.WebActivity
ADDED from src/main/AndroidManifest.xml:251:9-253:55
	android:screenOrientation
		ADDED from src/main/AndroidManifest.xml:253:17-53
	android:name
		ADDED from src/main/AndroidManifest.xml:252:17-56
activity#com.bm.container.module.base.FangDaImgActivity
ADDED from src/main/AndroidManifest.xml:255:9-257:55
	android:screenOrientation
		ADDED from src/main/AndroidManifest.xml:257:17-53
	android:name
		ADDED from src/main/AndroidManifest.xml:256:17-62
activity#cn.jpush.android.ui.PushActivity
ADDED from src/main/AndroidManifest.xml:259:9-270:20
	android:exported
		ADDED from src/main/AndroidManifest.xml:262:17-41
	android:configChanges
		ADDED from src/main/AndroidManifest.xml:261:17-67
	android:theme
		ADDED from src/main/AndroidManifest.xml:263:17-64
	android:name
		ADDED from src/main/AndroidManifest.xml:260:17-64
intent-filter#action:name:cn.jpush.android.ui.PushActivity+category:name:android.intent.category.DEFAULT+category:name:com.bm.container
ADDED from src/main/AndroidManifest.xml:264:13-269:29
action#cn.jpush.android.ui.PushActivity
ADDED from src/main/AndroidManifest.xml:265:17-74
	android:name
		ADDED from src/main/AndroidManifest.xml:265:25-72
category#android.intent.category.DEFAULT
ADDED from src/main/AndroidManifest.xml:267:17-75
	android:name
		ADDED from src/main/AndroidManifest.xml:267:27-73
category#com.bm.container
ADDED from src/main/AndroidManifest.xml:268:17-60
	android:name
		ADDED from src/main/AndroidManifest.xml:268:27-58
activity#com.bm.container.module.personal.DeliveryOrderDetailActivity
ADDED from src/main/AndroidManifest.xml:273:9-275:55
	android:screenOrientation
		ADDED from src/main/AndroidManifest.xml:275:17-53
	android:name
		ADDED from src/main/AndroidManifest.xml:274:17-76
service#cn.jpush.android.service.DownloadService
ADDED from src/main/AndroidManifest.xml:277:9-280:43
	android:enabled
		ADDED from src/main/AndroidManifest.xml:279:17-39
	android:exported
		ADDED from src/main/AndroidManifest.xml:280:17-41
	android:name
		ADDED from src/main/AndroidManifest.xml:278:17-72
service#cn.jpush.android.service.PushService
ADDED from src/main/AndroidManifest.xml:281:9-291:19
	android:enabled
		ADDED from src/main/AndroidManifest.xml:283:17-39
	android:exported
		ADDED from src/main/AndroidManifest.xml:284:17-41
	android:name
		ADDED from src/main/AndroidManifest.xml:282:17-68
intent-filter#action:name:cn.jpush.android.intent.PUSH_TIME+action:name:cn.jpush.android.intent.PushService+action:name:cn.jpush.android.intent.REGISTER+action:name:cn.jpush.android.intent.REPORT
ADDED from src/main/AndroidManifest.xml:285:13-290:29
action#cn.jpush.android.intent.REGISTER
ADDED from src/main/AndroidManifest.xml:286:17-74
	android:name
		ADDED from src/main/AndroidManifest.xml:286:25-72
action#cn.jpush.android.intent.REPORT
ADDED from src/main/AndroidManifest.xml:287:17-72
	android:name
		ADDED from src/main/AndroidManifest.xml:287:25-70
action#cn.jpush.android.intent.PushService
ADDED from src/main/AndroidManifest.xml:288:17-77
	android:name
		ADDED from src/main/AndroidManifest.xml:288:25-75
action#cn.jpush.android.intent.PUSH_TIME
ADDED from src/main/AndroidManifest.xml:289:17-75
	android:name
		ADDED from src/main/AndroidManifest.xml:289:25-73
provider#cn.jpush.android.service.DataProvider
ADDED from src/main/AndroidManifest.xml:294:9-298:11
	android:authorities
		ADDED from src/main/AndroidManifest.xml:295:17-68
	android:exported
		ADDED from src/main/AndroidManifest.xml:297:17-41
	android:name
		ADDED from src/main/AndroidManifest.xml:296:17-69
service#cn.jpush.android.service.DaemonService
ADDED from src/main/AndroidManifest.xml:302:9-311:19
	android:enabled
		ADDED from src/main/AndroidManifest.xml:304:17-39
	android:exported
		ADDED from src/main/AndroidManifest.xml:305:17-40
	android:name
		ADDED from src/main/AndroidManifest.xml:303:17-70
intent-filter#action:name:cn.jpush.android.intent.DaemonService+category:name:com.bm.container
ADDED from src/main/AndroidManifest.xml:306:13-310:29
action#cn.jpush.android.intent.DaemonService
ADDED from src/main/AndroidManifest.xml:307:17-79
	android:name
		ADDED from src/main/AndroidManifest.xml:307:25-77
receiver#cn.jpush.android.service.PushReceiver
ADDED from src/main/AndroidManifest.xml:313:9-331:20
	android:enabled
		ADDED from src/main/AndroidManifest.xml:315:17-39
	android:exported
		ADDED from src/main/AndroidManifest.xml:316:17-41
	android:name
		ADDED from src/main/AndroidManifest.xml:314:17-69
intent-filter#action:name:cn.jpush.android.intent.NOTIFICATION_RECEIVED_PROXY+category:name:com.bm.container
ADDED from src/main/AndroidManifest.xml:317:13-320:29
	android:priority
		ADDED from src/main/AndroidManifest.xml:317:28-51
action#cn.jpush.android.intent.NOTIFICATION_RECEIVED_PROXY
ADDED from src/main/AndroidManifest.xml:318:17-93
	android:name
		ADDED from src/main/AndroidManifest.xml:318:25-91
intent-filter#action:name:android.intent.action.USER_PRESENT+action:name:android.net.conn.CONNECTIVITY_CHANGE
ADDED from src/main/AndroidManifest.xml:321:13-324:29
action#android.intent.action.USER_PRESENT
ADDED from src/main/AndroidManifest.xml:322:17-76
	android:name
		ADDED from src/main/AndroidManifest.xml:322:25-74
action#android.net.conn.CONNECTIVITY_CHANGE
ADDED from src/main/AndroidManifest.xml:323:17-78
	android:name
		ADDED from src/main/AndroidManifest.xml:323:25-76
intent-filter#action:name:android.intent.action.PACKAGE_ADDED+action:name:android.intent.action.PACKAGE_REMOVED+data:scheme:package
ADDED from src/main/AndroidManifest.xml:325:13-330:29
action#android.intent.action.PACKAGE_ADDED
ADDED from src/main/AndroidManifest.xml:326:17-77
	android:name
		ADDED from src/main/AndroidManifest.xml:326:25-75
action#android.intent.action.PACKAGE_REMOVED
ADDED from src/main/AndroidManifest.xml:327:17-79
	android:name
		ADDED from src/main/AndroidManifest.xml:327:25-77
data
ADDED from src/main/AndroidManifest.xml:329:17-49
	android:scheme
		ADDED from src/main/AndroidManifest.xml:329:23-47
receiver#cn.jpush.android.service.AlarmReceiver
ADDED from src/main/AndroidManifest.xml:332:9-334:43
	android:exported
		ADDED from src/main/AndroidManifest.xml:334:17-41
	android:name
		ADDED from src/main/AndroidManifest.xml:333:17-70
receiver#com.bm.container.receiver.MyReceiver
ADDED from src/main/AndroidManifest.xml:337:9-351:20
	android:enabled
		ADDED from src/main/AndroidManifest.xml:339:17-39
	android:exported
		ADDED from src/main/AndroidManifest.xml:340:17-41
	android:name
		ADDED from src/main/AndroidManifest.xml:338:17-52
intent-filter#action:name:cn.jpush.android.intent.ACTION_RICHPUSH_CALLBACK+action:name:cn.jpush.android.intent.CONNECTION+action:name:cn.jpush.android.intent.MESSAGE_RECEIVED+action:name:cn.jpush.android.intent.NOTIFICATION_OPENED+action:name:cn.jpush.android.intent.NOTIFICATION_RECEIVED+action:name:cn.jpush.android.intent.REGISTRATION+action:name:cn.jpush.android.intent.UNREGISTRATION+category:name:com.bm.container
ADDED from src/main/AndroidManifest.xml:341:13-350:29
action#cn.jpush.android.intent.REGISTRATION
ADDED from src/main/AndroidManifest.xml:342:17-78
	android:name
		ADDED from src/main/AndroidManifest.xml:342:25-76
action#cn.jpush.android.intent.UNREGISTRATION
ADDED from src/main/AndroidManifest.xml:343:17-80
	android:name
		ADDED from src/main/AndroidManifest.xml:343:25-78
action#cn.jpush.android.intent.MESSAGE_RECEIVED
ADDED from src/main/AndroidManifest.xml:344:17-82
	android:name
		ADDED from src/main/AndroidManifest.xml:344:25-80
action#cn.jpush.android.intent.NOTIFICATION_RECEIVED
ADDED from src/main/AndroidManifest.xml:345:17-87
	android:name
		ADDED from src/main/AndroidManifest.xml:345:25-85
action#cn.jpush.android.intent.NOTIFICATION_OPENED
ADDED from src/main/AndroidManifest.xml:346:17-85
	android:name
		ADDED from src/main/AndroidManifest.xml:346:25-83
action#cn.jpush.android.intent.ACTION_RICHPUSH_CALLBACK
ADDED from src/main/AndroidManifest.xml:347:17-90
	android:name
		ADDED from src/main/AndroidManifest.xml:347:25-88
action#cn.jpush.android.intent.CONNECTION
ADDED from src/main/AndroidManifest.xml:348:17-76
	android:name
		ADDED from src/main/AndroidManifest.xml:348:25-74
meta-data#JPUSH_CHANNEL
ADDED from src/main/AndroidManifest.xml:353:9-355:52
	android:value
		ADDED from src/main/AndroidManifest.xml:355:17-50
	android:name
		ADDED from src/main/AndroidManifest.xml:354:17-45
meta-data#JPUSH_APPKEY
ADDED from src/main/AndroidManifest.xml:356:9-358:59
	android:value
		ADDED from src/main/AndroidManifest.xml:358:17-57
	android:name
		ADDED from src/main/AndroidManifest.xml:357:17-44
activity#com.alipay.sdk.app.H5PayActivity
ADDED from src/main/AndroidManifest.xml:361:9-365:53
	android:screenOrientation
		ADDED from src/main/AndroidManifest.xml:365:17-51
	android:exported
		ADDED from src/main/AndroidManifest.xml:364:17-41
	android:configChanges
		ADDED from src/main/AndroidManifest.xml:363:17-78
	android:name
		ADDED from src/main/AndroidManifest.xml:362:17-64
activity#com.alipay.sdk.auth.AuthActivity
ADDED from src/main/AndroidManifest.xml:366:9-370:53
	android:screenOrientation
		ADDED from src/main/AndroidManifest.xml:370:17-51
	android:exported
		ADDED from src/main/AndroidManifest.xml:369:17-41
	android:configChanges
		ADDED from src/main/AndroidManifest.xml:368:17-78
	android:name
		ADDED from src/main/AndroidManifest.xml:367:17-64
activity#com.bm.container.wxapi.WXPayEntryActivity
ADDED from src/main/AndroidManifest.xml:372:9-375:49
	android:launchMode
		ADDED from src/main/AndroidManifest.xml:375:17-47
	android:exported
		ADDED from src/main/AndroidManifest.xml:374:17-40
	android:name
		ADDED from src/main/AndroidManifest.xml:373:17-57
activity#com.bm.container.module.market.PayActivity
ADDED from src/main/AndroidManifest.xml:377:9-387:20
	android:label
		ADDED from src/main/AndroidManifest.xml:380:17-49
	android:launchMode
		ADDED from src/main/AndroidManifest.xml:381:17-47
	android:exported